<?xml version="1.0" encoding="UTF-8"?>
<coverage generated="1644313029035" clover="3.2.0">
  <project timestamp="1644313029035" name="All files">
    <metrics statements="16" coveredstatements="15" conditionals="4" coveredconditionals="4" methods="5" coveredmethods="5" elements="25" coveredelements="24" complexity="0" loc="16" ncloc="16" packages="1" files="2" classes="2"/>
    <file name="App.jsx" path="C:\Users\G R SHANKER SAI\Desktop\ZEMOSO\TypeScript+React_UZ\testing-app\src\App.jsx">
      <metrics statements="15" coveredstatements="15" conditionals="4" coveredconditionals="4" methods="5" coveredmethods="5"/>
      <line num="7" count="26" type="stmt"/>
      <line num="9" count="26" type="stmt"/>
      <line num="12" count="26" type="stmt"/>
      <line num="13" count="4" type="stmt"/>
      <line num="17" count="26" type="stmt"/>
      <line num="19" count="4" type="stmt"/>
      <line num="22" count="26" type="stmt"/>
      <line num="23" count="26" type="stmt"/>
      <line num="24" count="26" type="cond" truecount="2" falsecount="0"/>
      <line num="25" count="4" type="stmt"/>
      <line num="27" count="22" type="cond" truecount="2" falsecount="0"/>
      <line num="28" count="2" type="stmt"/>
      <line num="31" count="26" type="stmt"/>
      <line num="35" count="26" type="stmt"/>
      <line num="43" count="7" type="stmt"/>
    </file>
    <file name="index.js" path="C:\Users\G R SHANKER SAI\Desktop\ZEMOSO\TypeScript+React_UZ\testing-app\src\index.js">
      <metrics statements="1" coveredstatements="0" conditionals="0" coveredconditionals="0" methods="0" coveredmethods="0"/>
      <line num="7" count="0" type="stmt"/>
    </file>
  </project>
</coverage>
