{"C:\\Users\\G R SHANKER SAI\\Desktop\\ZEMOSO\\TypeScript+React_UZ\\testing-app\\src\\App.jsx": {"path":"C:\\Users\\G R SHANKER SAI\\Desktop\\ZEMOSO\\TypeScript+React_UZ\\testing-app\\src\\App.jsx","statementMap":{"0":{"start":{"line":7,"column":32},"end":{"line":7,"column":43}},"1":{"start":{"line":9,"column":32},"end":{"line":9,"column":43}},"2":{"start":{"line":12,"column":20},"end":{"line":15,"column":3}},"3":{"start":{"line":13,"column":4},"end":{"line":13,"column":33}},"4":{"start":{"line":17,"column":20},"end":{"line":20,"column":3}},"5":{"start":{"line":19,"column":4},"end":{"line":19,"column":33}},"6":{"start":{"line":22,"column":19},"end":{"line":32,"column":3}},"7":{"start":{"line":23,"column":18},"end":{"line":23,"column":33}},"8":{"start":{"line":24,"column":4},"end":{"line":29,"column":5}},"9":{"start":{"line":25,"column":6},"end":{"line":25,"column":28}},"10":{"start":{"line":27,"column":9},"end":{"line":29,"column":5}},"11":{"start":{"line":28,"column":6},"end":{"line":28,"column":26}},"12":{"start":{"line":31,"column":4},"end":{"line":31,"column":17}},"13":{"start":{"line":35,"column":2},"end":{"line":51,"column":4}},"14":{"start":{"line":43,"column":8},"end":{"line":43,"column":53}}},"fnMap":{"0":{"name":"App","decl":{"start":{"line":5,"column":9},"end":{"line":5,"column":12}},"loc":{"start":{"line":5,"column":15},"end":{"line":52,"column":1}},"line":5},"1":{"name":"(anonymous_1)","decl":{"start":{"line":12,"column":20},"end":{"line":12,"column":21}},"loc":{"start":{"line":12,"column":24},"end":{"line":15,"column":3}},"line":12},"2":{"name":"(anonymous_2)","decl":{"start":{"line":17,"column":20},"end":{"line":17,"column":21}},"loc":{"start":{"line":17,"column":24},"end":{"line":20,"column":3}},"line":17},"3":{"name":"(anonymous_3)","decl":{"start":{"line":22,"column":19},"end":{"line":22,"column":20}},"loc":{"start":{"line":22,"column":23},"end":{"line":32,"column":3}},"line":22},"4":{"name":"(anonymous_4)","decl":{"start":{"line":42,"column":75},"end":{"line":42,"column":76}},"loc":{"start":{"line":42,"column":84},"end":{"line":45,"column":7}},"line":42}},"branchMap":{"0":{"loc":{"start":{"line":24,"column":4},"end":{"line":29,"column":5}},"type":"if","locations":[{"start":{"line":24,"column":4},"end":{"line":29,"column":5}},{"start":{"line":27,"column":9},"end":{"line":29,"column":5}}],"line":24},"1":{"loc":{"start":{"line":27,"column":9},"end":{"line":29,"column":5}},"type":"if","locations":[{"start":{"line":27,"column":9},"end":{"line":29,"column":5}},{"start":{},"end":{}}],"line":27}},"s":{"0":26,"1":26,"2":26,"3":4,"4":26,"5":4,"6":26,"7":26,"8":26,"9":4,"10":22,"11":2,"12":26,"13":26,"14":7},"f":{"0":26,"1":4,"2":4,"3":26,"4":7},"b":{"0":[4,22],"1":[2,20]},"_coverageSchema":"1a1c01bbd47fc00a2c39e90264f33305004495a9","hash":"7edc4d4e5def08a9dd70a27b654cd1323d82622b"}
,"C:\\Users\\G R SHANKER SAI\\Desktop\\ZEMOSO\\TypeScript+React_UZ\\testing-app\\src\\index.js": {"path":"C:\\Users\\G R SHANKER SAI\\Desktop\\ZEMOSO\\TypeScript+React_UZ\\testing-app\\src\\index.js","statementMap":{"0":{"start":{"line":7,"column":0},"end":{"line":12,"column":2}}},"fnMap":{},"branchMap":{},"s":{"0":0},"f":{},"b":{}}
}
