TN:
SF:src\App.jsx
FN:5,App
FN:12,(anonymous_1)
FN:17,(anonymous_2)
FN:22,(anonymous_3)
FN:42,(anonymous_4)
FNF:5
FNH:5
FNDA:26,App
FNDA:4,(anonymous_1)
FNDA:4,(anonymous_2)
FNDA:26,(anonymous_3)
FNDA:7,(anonymous_4)
DA:7,26
DA:9,26
DA:12,26
DA:13,4
DA:17,26
DA:19,4
DA:22,26
DA:23,26
DA:24,26
DA:25,4
DA:27,22
DA:28,2
DA:31,26
DA:35,26
DA:43,7
LF:15
LH:15
BRDA:24,0,0,4
BRDA:24,0,1,22
BRDA:27,1,0,2
BRDA:27,1,1,20
BRF:4
BRH:4
end_of_record
TN:
SF:src\index.js
FNF:0
FNH:0
DA:7,0
LF:1
LH:0
BRF:0
BRH:0
end_of_record
